# JRE version: OpenJDK Runtime Environment (14.0.2+12) (build 14.0.2+12-Ubuntu-120.04)
# Java VM: OpenJDK 64-Bit Server VM (14.0.2+12-Ubuntu-120.04, mixed mode, sharing, tiered, compressed oops, g1 gc, linux-amd64)
Heap:
 garbage-first heap   total 73728K, used 42128K [0x00000000c3c00000, 0x0000000100000000)
  region size 1024K, 22 young (22528K), 5 survivors (5120K)
 Metaspace       used 58377K, capacity 59748K, committed 59852K, reserved 1101824K
  class space    used 7617K, capacity 8136K, committed 8192K, reserved 1048576K
GC Heap History (20 events):
Event: 4,393 GC heap before
{Heap before GC invocations=6 (full 0):
 garbage-first heap   total 65536K, used 24002K [0x00000000c3c00000, 0x0000000100000000)
  region size 1024K, 18 young (18432K), 4 survivors (4096K)
 Metaspace       used 20558K, capacity 21056K, committed 21248K, reserved 1067008K
  class space    used 2551K, capacity 2737K, committed 2816K, reserved 1048576K
}
Event: 4,400 GC heap after
{Heap after GC invocations=7 (full 0):
 garbage-first heap   total 65536K, used 11247K [0x00000000c3c00000, 0x0000000100000000)
  region size 1024K, 3 young (3072K), 3 survivors (3072K)
 Metaspace       used 20558K, capacity 21056K, committed 21248K, reserved 1067008K
  class space    used 2551K, capacity 2737K, committed 2816K, reserved 1048576K
}
Event: 5,094 GC heap before
{Heap before GC invocations=8 (full 0):
 garbage-first heap   total 51200K, used 38895K [0x00000000c3c00000, 0x0000000100000000)
  region size 1024K, 30 young (30720K), 3 survivors (3072K)
 Metaspace       used 23394K, capacity 24018K, committed 24192K, reserved 1071104K
  class space    used 2943K, capacity 3162K, committed 3200K, reserved 1048576K
}
Event: 5,102 GC heap after
{Heap after GC invocations=9 (full 0):
 garbage-first heap   total 51200K, used 12446K [0x00000000c3c00000, 0x0000000100000000)
  region size 1024K, 3 young (3072K), 3 survivors (3072K)
 Metaspace       used 23394K, capacity 24018K, committed 24192K, reserved 1071104K
  class space    used 2943K, capacity 3162K, committed 3200K, reserved 1048576K
}
Event: 5,937 GC heap before
{Heap before GC invocations=9 (full 0):
 garbage-first heap   total 51200K, used 38046K [0x00000000c3c00000, 0x0000000100000000)
  region size 1024K, 28 young (28672K), 3 survivors (3072K)
 Metaspace       used 26995K, capacity 27826K, committed 28160K, reserved 1073152K
  class space    used 3417K, capacity 3741K, committed 3840K, reserved 1048576K
}
Event: 5,949 GC heap after
{Heap after GC invocations=10 (full 0):
 garbage-first heap   total 61440K, used 13918K [0x00000000c3c00000, 0x0000000100000000)
  region size 1024K, 4 young (4096K), 4 survivors (4096K)
 Metaspace       used 26995K, capacity 27826K, committed 28160K, reserved 1073152K
  class space    used 3417K, capacity 3741K, committed 3840K, reserved 1048576K
}
Event: 6,263 GC heap before
{Heap before GC invocations=10 (full 0):
 garbage-first heap   total 61440K, used 45662K [0x00000000c3c00000, 0x0000000100000000)
  region size 1024K, 36 young (36864K), 4 survivors (4096K)
 Metaspace       used 28895K, capacity 29779K, committed 29824K, reserved 1075200K
  class space    used 3600K, capacity 3943K, committed 3968K, reserved 1048576K
}
Event: 6,277 GC heap after
{Heap after GC invocations=11 (full 0):
 garbage-first heap   total 61440K, used 15202K [0x00000000c3c00000, 0x0000000100000000)
  region size 1024K, 3 young (3072K), 3 survivors (3072K)
 Metaspace       used 28895K, capacity 29779K, committed 29824K, reserved 1075200K
  class space    used 3600K, capacity 3943K, committed 3968K, reserved 1048576K
}
Event: 6,749 GC heap before
{Heap before GC invocations=11 (full 0):
 garbage-first heap   total 61440K, used 46946K [0x00000000c3c00000, 0x0000000100000000)
  region size 1024K, 35 young (35840K), 3 survivors (3072K)
 Metaspace       used 31953K, capacity 32856K, committed 33024K, reserved 1077248K
  class space    used 3930K, capacity 4285K, committed 4352K, reserved 1048576K
}
Event: 6,759 GC heap after
{Heap after GC invocations=12 (full 0):
 garbage-first heap   total 61440K, used 16375K [0x00000000c3c00000, 0x0000000100000000)
  region size 1024K, 3 young (3072K), 3 survivors (3072K)
 Metaspace       used 31953K, capacity 32856K, committed 33024K, reserved 1077248K
  class space    used 3930K, capacity 4285K, committed 4352K, reserved 1048576K
}
Event: 7,074 GC heap before
{Heap before GC invocations=12 (full 0):
 garbage-first heap   total 61440K, used 32759K [0x00000000c3c00000, 0x0000000100000000)
  region size 1024K, 20 young (20480K), 3 survivors (3072K)
 Metaspace       used 34907K, capacity 35747K, committed 35840K, reserved 1081344K
  class space    used 4260K, capacity 4586K, committed 4608K, reserved 1048576K
}
Event: 7,080 GC heap after
{Heap after GC invocations=13 (full 0):
 garbage-first heap   total 61440K, used 16764K [0x00000000c3c00000, 0x0000000100000000)
  region size 1024K, 3 young (3072K), 3 survivors (3072K)
 Metaspace       used 34907K, capacity 35747K, committed 35840K, reserved 1081344K
  class space    used 4260K, capacity 4586K, committed 4608K, reserved 1048576K
}
Event: 7,618 GC heap before
{Heap before GC invocations=14 (full 0):
 garbage-first heap   total 61440K, used 49532K [0x00000000c3c00000, 0x0000000100000000)
  region size 1024K, 33 young (33792K), 3 survivors (3072K)
 Metaspace       used 41399K, capacity 42348K, committed 42828K, reserved 1087488K
  class space    used 5300K, capacity 5634K, committed 5760K, reserved 1048576K
}
Event: 7,626 GC heap after
{Heap after GC invocations=15 (full 0):
 garbage-first heap   total 73728K, used 20019K [0x00000000c3c00000, 0x0000000100000000)
  region size 1024K, 4 young (4096K), 4 survivors (4096K)
 Metaspace       used 41399K, capacity 42348K, committed 42828K, reserved 1087488K
  class space    used 5300K, capacity 5634K, committed 5760K, reserved 1048576K
}
Event: 9,160 GC heap before
{Heap before GC invocations=16 (full 0):
 garbage-first heap   total 73728K, used 57907K [0x00000000c3c00000, 0x0000000100000000)
  region size 1024K, 41 young (41984K), 4 survivors (4096K)
 Metaspace       used 48701K, capacity 49708K, committed 50380K, reserved 1093632K
  class space    used 6431K, capacity 6786K, committed 6912K, reserved 1048576K
}
Event: 9,174 GC heap after
{Heap after GC invocations=17 (full 0):
 garbage-first heap   total 73728K, used 21450K [0x00000000c3c00000, 0x0000000100000000)
  region size 1024K, 4 young (4096K), 4 survivors (4096K)
 Metaspace       used 48701K, capacity 49708K, committed 50380K, reserved 1093632K
  class space    used 6431K, capacity 6786K, committed 6912K, reserved 1048576K
}
Event: 9,922 GC heap before
{Heap before GC invocations=17 (full 0):
 garbage-first heap   total 73728K, used 57290K [0x00000000c3c00000, 0x0000000100000000)
  region size 1024K, 39 young (39936K), 4 survivors (4096K)
 Metaspace       used 52912K, capacity 54113K, committed 54348K, reserved 1095680K
  class space    used 6970K, capacity 7441K, committed 7552K, reserved 1048576K
}
Event: 9,935 GC heap after
{Heap after GC invocations=18 (full 0):
 garbage-first heap   total 73728K, used 23653K [0x00000000c3c00000, 0x0000000100000000)
  region size 1024K, 5 young (5120K), 5 survivors (5120K)
 Metaspace       used 52912K, capacity 54113K, committed 54348K, reserved 1095680K
  class space    used 6970K, capacity 7441K, committed 7552K, reserved 1048576K
}
Event: 31,472 GC heap before
{Heap before GC invocations=18 (full 0):
 garbage-first heap   total 73728K, used 57445K [0x00000000c3c00000, 0x0000000100000000)
  region size 1024K, 38 young (38912K), 5 survivors (5120K)
 Metaspace       used 56651K, capacity 57988K, committed 58060K, reserved 1099776K
  class space    used 7421K, capacity 7915K, committed 7936K, reserved 1048576K
}
Event: 31,492 GC heap after
{Heap after GC invocations=19 (full 0):
 garbage-first heap   total 73728K, used 25744K [0x00000000c3c00000, 0x0000000100000000)
  region size 1024K, 5 young (5120K), 5 survivors (5120K)
 Metaspace       used 56651K, capacity 57988K, committed 58060K, reserved 1099776K
  class space    used 7421K, capacity 7915K, committed 7936K, reserved 1048576K
}

